make all --print-data-base --no-builtin-variables --no-builtin-rules --question
# GNU Make 3.81
# Copyright (C) 2006  Free Software Foundation, Inc.
# This is free software; see the source for copying conditions.
# There is NO warranty; not even for MERCHANTABILITY or FITNESS FOR A
# PARTICULAR PURPOSE.

# This program built for i386-apple-darwin11.3.0

# Make data base, printed on Thu May 19 22:36:47 2022

# Variables

# automatic
<D = $(patsubst %/,%,$(dir $<))
# automatic
?F = $(notdir $?)
# environment
ELECTRON_NO_ATTACH_CONSOLE = 1
# makefile (from `Makefile', line 25)
OBJ = ft_atoi.o ft_isascii.o ft_memcmp.o ft_putendl_fd.o ft_strdup.o ft_strlen.o ft_strtrim.o ft_bzero.o ft_isdigit.o ft_memcpy.o ft_putnbr_fd.o ft_striteri.o ft_strmapi.o ft_substr.o ft_calloc.o ft_isprint.o ft_memmove.o ft_putstr_fd.o ft_strjoin.o ft_strncmp.o ft_tolower.o ft_isalnum.o ft_itoa.o ft_memset.o ft_split.o ft_strlcat.o ft_strnstr.o ft_toupper.o ft_isalpha.o ft_memchr.o ft_putchar_fd.o ft_strchr.o ft_strlcpy.o ft_strrchr.o
# environment
VSCODE_LOG_NATIVE = false
# automatic
?D = $(patsubst %/,%,$(dir $?))
# automatic
@D = $(patsubst %/,%,$(dir $@))
# automatic
@F = $(notdir $@)
# makefile
CURDIR := /Users/mes-sadk/Desktop/minitalk.42/libft
# makefile
SHELL = /bin/sh
# environment
VSCODE_NLS_CONFIG = {"locale":"en-us","availableLanguages":{},"_languagePackSupport":true}
# environment
_ = /usr/bin/make
# makefile (from `Makefile', line 23)
CFLAGS = -Wall -Wextra -Werror
# makefile (from `Makefile', line 1)
MAKEFILE_LIST :=  Makefile
# environment
VSCODE_VERBOSE_LOGGING = true
# environment
VSCODE_IPC_HOOK_EXTHOST = /var/folders/zz/zyxvpxvq6csfxvn_n000cc4h003314/T/vscode-ipc-04d41ac8-35e9-46d9-9e7d-2900e3936956.sock
# makefile (from `Makefile', line 19)
P_NAME = printf/libftprintf.a
# environment
VSCODE_CWD = /Users/mes-sadk/Desktop/minitalk.42/libft
# environment
Apple_PubSub_Socket_Render = /private/tmp/com.apple.launchd.dg319cqtvS/Render
# environment
PATH = /Users/mes-sadk/goinfre/.brew/bin:/usr/local/bin:/usr/bin:/bin:/usr/sbin:/sbin:/usr/local/munki
# environment
LSCOLORS = Gxfxcxdxbxegedabagacad
# environment
VSCODE_LOG_STACK = false
# environment
ELECTRON_RUN_AS_NODE = 1
# default
.FEATURES := target-specific order-only second-expansion else-if archives jobserver check-symlink
# environment
SSH_AUTH_SOCK = /private/tmp/com.apple.launchd.ulv6T0UrTN/Listeners
# automatic
%F = $(notdir $%)
# environment
VSCODE_PIPE_LOGGING = true
# makefile (from `Makefile', line 20)
PRINTF = ft_printf/Makfile
# environment
PWD = /Users/mes-sadk/Desktop/minitalk.42/libft
# environment
ORIGINAL_XDG_CURRENT_DESKTOP = undefined
# environment
VSCODE_AMD_ENTRYPOINT = vs/workbench/api/node/extensionHostProcess
# environment
HOME = /Users/mes-sadk
# makefile (from `Makefile', line 35)
BONUS_OBJ = ft_lstnew.o ft_lstadd_front.o ft_lstadd_back.o ft_lstsize.o ft_lstlast.o ft_lstdelone.o ft_lstclear.o ft_lstiter.o ft_lstmap.o
# default
MAKEFILEPATH = $(shell /usr/bin/xcode-select -print-path 2>/dev/null || echo /Developer)/Makefiles
# environment
VSCODE_CLI = 1
# environment
VSCODE_CODE_CACHE_PATH = /Users/mes-sadk/Library/Application Support/Code/CachedData/57fd6d0195bb9b9d1b49f6da5db789060795de47
# environment
LOGNAME = mes-sadk
# environment
APPLICATION_INSIGHTS_NO_DIAGNOSTIC_CHANNEL = 1
# environment
ZSH = /Users/mes-sadk/.oh-my-zsh
# environment
VSCODE_HANDLES_UNCAUGHT_ERRORS = true
# automatic
^D = $(patsubst %/,%,$(dir $^))
# environment
XPC_FLAGS = 0x0
# environment
COLORTERM = truecolor
# default
MAKE = $(MAKE_COMMAND)
# environment
LC_TERMINAL = iTerm2
# environment
SHLVL = 3
# makefile (from `Makefile', line 22)
CC = gcc
# default
MAKE_VERSION := 3.81
# environment
USER = mes-sadk
# makefile
.DEFAULT_GOAL := all
# default
MAKECMDGOALS := all
# environment
TERM_SESSION_ID = w0t0p0:2F424B40-1DC2-4512-A34D-0A811D04524C
# makefile (from `Makefile', line 18)
NAME = libft.a
# environment
LESS = -R
# automatic
%D = $(patsubst %/,%,$(dir $%))
# default
MAKE_COMMAND := /Library/Developer/CommandLineTools/usr/bin/make
# environment
TERM_PROGRAM = iTerm.app
# default
.VARIABLES := 
# environment
TMPDIR = /var/folders/zz/zyxvpxvq6csfxvn_n000cc4h003314/T/
# automatic
*F = $(notdir $*)
# environment
VSCODE_IPC_HOOK = /Users/mes-sadk/Library/Application Support/Code/1.67.0-main.sock
# makefile
MAKEFLAGS = Rrqp
# environment
MFLAGS = -Rrqp
# automatic
*D = $(patsubst %/,%,$(dir $*))
# environment
TERM_PROGRAM_VERSION = 3.4.13
# environment
XPC_SERVICE_NAME = 0
# environment
LC_TERMINAL_VERSION = 3.4.13
# automatic
+D = $(patsubst %/,%,$(dir $+))
# automatic
+F = $(notdir $+)
# environment
ITERM_SESSION_ID = w0t0p0:2F424B40-1DC2-4512-A34D-0A811D04524C
# environment
COLORFGBG = 7;0
# environment
__CF_USER_TEXT_ENCODING = 0x18C24:0x0:0x0
# environment
COMMAND_MODE = unix2003
# default
MAKEFILES := 
# environment
HOMEBREW_NO_AUTO_UPDATE = 1
# automatic
<F = $(notdir $<)
# environment
ITERM_PROFILE = Default
# environment
PAGER = less
# environment
LC_ALL = C
# environment
SECURITYSESSIONID = 186a8
# automatic
^F = $(notdir $^)
# default
SUFFIXES := 
# default
.INCLUDE_DIRS = /usr/local/include
# environment
MAKELEVEL := 0
# environment
LANG = C
# environment
TERM = xterm-256color
# environment
VSCODE_PID = 14706
# variable set hash-table stats:
# Load=87/1024=8%, Rehash=0, Collisions=10/120=8%

# Pattern-specific Variable Values

# No pattern-specific variable values.

# Directories

# . (device 16777227, inode 3475924): 84 files, no impossibilities.

# 84 files, no impossibilities in 1 directories.

# Implicit Rules

# No implicit rules.

# Files

# Not a target:
ft_strmapi.o:
#  Implicit rule search has been done.
#  Last modified 2022-05-19 22:36:27
#  File has been updated.
#  Successfully updated.
# variable set hash-table stats:
# Load=0/32=0%, Rehash=0, Collisions=0/0=0%

# Not a target:
ft_lstiter.o:
#  Implicit rule search has not been done.
#  Modification time never checked.
#  File has not been updated.

# Not a target:
ft_memcpy.o:
#  Implicit rule search has been done.
#  Last modified 2022-05-19 22:36:27
#  File has been updated.
#  Successfully updated.
# variable set hash-table stats:
# Load=0/32=0%, Rehash=0, Collisions=0/0=0%

# Not a target:
ft_itoa.o:
#  Implicit rule search has been done.
#  Last modified 2022-05-19 22:36:28
#  File has been updated.
#  Successfully updated.
# variable set hash-table stats:
# Load=0/32=0%, Rehash=0, Collisions=0/0=0%

# Not a target:
ft_memcmp.o:
#  Implicit rule search has been done.
#  Last modified 2022-05-19 22:36:27
#  File has been updated.
#  Successfully updated.
# variable set hash-table stats:
# Load=0/32=0%, Rehash=0, Collisions=0/0=0%

# Not a target:
ft_strlen.o:
#  Implicit rule search has been done.
#  Last modified 2022-05-19 22:36:27
#  File has been updated.
#  Successfully updated.
# variable set hash-table stats:
# Load=0/32=0%, Rehash=0, Collisions=0/0=0%

# Not a target:
ft_isdigit.o:
#  Implicit rule search has been done.
#  Last modified 2022-05-19 22:36:27
#  File has been updated.
#  Successfully updated.
# variable set hash-table stats:
# Load=0/32=0%, Rehash=0, Collisions=0/0=0%

all: libft.a
#  Phony target (prerequisite of .PHONY).
#  Command-line target.
#  Implicit rule search has not been done.
#  File does not exist.
#  File has been updated.
#  Needs to be updated (-q is set).
# variable set hash-table stats:
# Load=0/32=0%, Rehash=0, Collisions=0/4=0%

# Not a target:
ft_lstlast.o:
#  Implicit rule search has not been done.
#  Modification time never checked.
#  File has not been updated.

# Not a target:
ft_memchr.o:
#  Implicit rule search has been done.
#  Last modified 2022-05-19 22:36:28
#  File has been updated.
#  Successfully updated.
# variable set hash-table stats:
# Load=0/32=0%, Rehash=0, Collisions=0/0=0%

.PHONY: all clean fclean re
#  Implicit rule search has not been done.
#  Modification time never checked.
#  File has not been updated.

# Not a target:
ft_tolower.o:
#  Implicit rule search has been done.
#  Last modified 2022-05-19 22:36:28
#  File has been updated.
#  Successfully updated.
# variable set hash-table stats:
# Load=0/32=0%, Rehash=0, Collisions=0/0=0%

# Not a target:
ft_strrchr.o:
#  Implicit rule search has been done.
 
#  Last modified 2022-05-19 22:36:28
#  File has been updated.
#  Successfully updated.
# variable set hash-table stats:
# Load=0/32=0%, Rehash=0, Collisions=0/0=0%

# Not a target:
ft_strjoin.o:
#  Implicit rule search has been done.
#  Last modified 2022-05-19 22:36:28
#  File has been updated.
#  Successfully updated.
# variable set hash-table stats:
# Load=0/32=0%, Rehash=0, Collisions=0/0=0%

# Not a target:
ft_split.o:
#  Implicit rule search has been done.
#  Last modified 2022-05-19 22:36:28
#  File has been updated.
#  Successfully updated.
# variable set hash-table stats:
# Load=0/32=0%, Rehash=0, Collisions=0/0=0%

# Not a target:
ft_lstclear.o:
#  Implicit rule search has not been done.
#  Modification time never checked.
#  File has not been updated.

# Not a target:
ft_strlcat.o:
#  Implicit rule search has been done.
#  Last modified 2022-05-19 22:36:28
#  File has been updated.
#  Successfully updated.
# variable set hash-table stats:
# Load=0/32=0%, Rehash=0, Collisions=0/0=0%

# Not a target:
.SUFFIXES:
#  Implicit rule search has not been done.
#  Modification time never checked.
#  File has not been updated.

# Not a target:
Makefile:
#  Implicit rule search has been done.
#  Last modified 2022-05-19 22:36:23
#  File has been updated.
#  Successfully updated.
# variable set hash-table stats:
# Load=0/32=0%, Rehash=0, Collisions=0/0=0%

# Not a target:
ft_isprint.o:
#  Implicit rule search has been done.
#  Last modified 2022-05-19 22:36:27
#  File has been updated.
#  Successfully updated.
# variable set hash-table stats:
# Load=0/32=0%, Rehash=0, Collisions=0/0=0%

libft.a: ft_atoi.o ft_isascii.o ft_memcmp.o ft_putendl_fd.o ft_strdup.o ft_strlen.o ft_strtrim.o ft_bzero.o ft_isdigit.o ft_memcpy.o ft_putnbr_fd.o ft_striteri.o ft_strmapi.o ft_substr.o ft_calloc.o ft_isprint.o ft_memmove.o ft_putstr_fd.o ft_strjoin.o ft_strncmp.o ft_tolower.o ft_isalnum.o ft_itoa.o ft_memset.o ft_split.o ft_strlcat.o ft_strnstr.o ft_toupper.o ft_isalpha.o ft_memchr.o ft_putchar_fd.o ft_strchr.o ft_strlcpy.o ft_strrchr.o
#  Implicit rule search has not been done.
#  Implicit/static pattern stem: `'
#  File does not exist.
#  File has been updated.
#  Needs to be updated (-q is set).
# automatic
# @ := libft.a
# automatic
# % := 
# automatic
# * := 
# automatic
# + := ft_atoi.o ft_isascii.o ft_memcmp.o ft_putendl_fd.o ft_strdup.o ft_strlen.o ft_strtrim.o ft_bzero.o ft_isdigit.o ft_memcpy.o ft_putnbr_fd.o ft_striteri.o ft_strmapi.o ft_substr.o ft_calloc.o ft_isprint.o ft_memmove.o ft_putstr_fd.o ft_strjoin.o ft_strncmp.o ft_tolower.o ft_isalnum.o ft_itoa.o ft_memset.o ft_split.o ft_strlcat.o ft_strnstr.o ft_toupper.o ft_isalpha.o ft_memchr.o ft_putchar_fd.o ft_strchr.o ft_strlcpy.o ft_strrchr.o
# automatic
# | := 
# automatic
# < := ft_atoi.o
# automatic
# ^ := ft_atoi.o ft_isascii.o ft_memcmp.o ft_putendl_fd.o ft_strdup.o ft_strlen.o ft_strtrim.o ft_bzero.o ft_isdigit.o ft_memcpy.o ft_putnbr_fd.o ft_striteri.o ft_strmapi.o ft_substr.o ft_calloc.o ft_isprint.o ft_memmove.o ft_putstr_fd.o ft_strjoin.o ft_strncmp.o ft_tolower.o ft_isalnum.o ft_itoa.o ft_memset.o ft_split.o ft_strlcat.o ft_strnstr.o ft_toupper.o ft_isalpha.o ft_memchr.o ft_putchar_fd.o ft_strchr.o ft_strlcpy.o ft_strrchr.o
# automatic
# ? := ft_atoi.o ft_isascii.o ft_memcmp.o ft_putendl_fd.o ft_strdup.o ft_strlen.o ft_strtrim.o ft_bzero.o ft_isdigit.o ft_memcpy.o ft_putnbr_fd.o ft_striteri.o ft_strmapi.o ft_substr.o ft_calloc.o ft_isprint.o ft_memmove.o ft_putstr_fd.o ft_strjoin.o ft_strncmp.o ft_tolower.o ft_isalnum.o ft_itoa.o ft_memset.o ft_split.o ft_strlcat.o ft_strnstr.o ft_toupper.o ft_isalpha.o ft_memchr.o ft_putchar_fd.o ft_strchr.o ft_strlcpy.o ft_strrchr.o
# variable set hash-table stats:
# Load=8/32=25%, Rehash=0, Collisions=1/12=8%
#  commands to execute (from `Makefile', line 42):
	make -f ft_printf/Makefile
	ar -r $(NAME) $(OBJ)
	

# Not a target:
ft_striteri.o:
#  Implicit rule search has been done.
#  Last modified 2022-05-19 22:36:27
#  File has been updated.
#  Successfully updated.
# variable set hash-table stats:
# Load=0/32=0%, Rehash=0, Collisions=0/0=0%

# Not a target:
ft_bzero.o:
#  Implicit rule search has been done.
#  Last modified 2022-05-19 22:36:27
#  File has been updated.
#  Successfully updated.
# variable set hash-table stats:
# Load=0/32=0%, Rehash=0, Collisions=0/0=0%

# Not a target:
ft_lstnew.o:
#  Implicit rule search has not been done.
#  Modification time never checked.
#  File has not been updated.

bonus: ft_atoi.o ft_isascii.o ft_memcmp.o ft_putendl_fd.o ft_strdup.o ft_strlen.o ft_strtrim.o ft_bzero.o ft_isdigit.o ft_memcpy.o ft_putnbr_fd.o ft_striteri.o ft_strmapi.o ft_substr.o ft_calloc.o ft_isprint.o ft_memmove.o ft_putstr_fd.o ft_strjoin.o ft_strncmp.o ft_tolower.o ft_isalnum.o ft_itoa.o ft_memset.o ft_split.o ft_strlcat.o ft_strnstr.o ft_toupper.o ft_isalpha.o ft_memchr.o ft_putchar_fd.o ft_strchr.o ft_strlcpy.o ft_strrchr.o ft_lstnew.o ft_lstadd_front.o ft_lstadd_back.o ft_lstsize.o ft_lstlast.o ft_lstdelone.o ft_lstclear.o ft_lstiter.o ft_lstmap.o
#  Implicit rule search has not been done.
#  Modification time never checked.
#  File has not been updated.
#  commands to execute (from `Makefile', line 46):
	ar -r $(NAME) $(OBJ) ${P_NAME} $(BONUS_OBJ)
	

# Not a target:
ft_putnbr_fd.o:
#  Implicit rule search has been done.
#  Last modified 2022-05-19 22:36:27
#  File has been updated.
#  Successfully updated.
# variable set hash-table stats:
# Load=0/32=0%, Rehash=0, Collisions=0/0=0%

fclean: clean
#  Phony target (prerequisite of .PHONY).
#  Implicit rule search has not been done.
#  File does not exist.
#  File has not been updated.
#  commands to execute (from `Makefile', line 52):
	rm -f $(NAME)
	

# Not a target:
ft_calloc.o:
#  Implicit rule search has been done.
#  Last modified 2022-05-19 22:36:27
#  File has been updated.
#  Successfully updated.
# variable set hash-table stats:
# Load=0/32=0%, Rehash=0, Collisions=0/0=0%

# Not a target:
ft_substr.o:
#  Implicit rule search has been done.
#  Last modified 2022-05-19 22:36:27
#  File has been updated.
#  Successfully updated.
# variable set hash-table stats:
# Load=0/32=0%, Rehash=0, Collisions=0/0=0%

# Not a target:
ft_isalpha.o:
#  Implicit rule search has been done.
#  Last modified 2022-05-19 22:36:28
#  File has been updated.
#  Successfully updated.
# variable set hash-table stats:
# Load=0/32=0%, Rehash=0, Collisions=0/0=0%

# Not a target:
ft_lstsize.o:
#  Implicit rule search has not been done.
#  Modification time never checked.
#  File has not been updated.

# Not a target:
.DEFAULT:
#  Implicit rule search has not been done.
#  Modification time never checked.
#  File has not been updated.

# Not a target:
ft_strlcpy.o:
#  Implicit rule search has been done.
#  Last modified 2022-05-19 22:36:28
#  File has been updated.
#  Successfully updated.
# variable set hash-table stats:
# Load=0/32=0%, Rehash=0, Collisions=0/0=0%

# Not a target:
ft_lstmap.o:
#  Implicit rule search has not been done.
#  Modification time never checked.
#  File has not been updated.

# Not a target:
ft_strncmp.o:
#  Implicit rule search has been done.
#  Last modified 2022-05-19 22:36:28
#  File has been updated.
#  Successfully updated.
# variable set hash-table stats:
# Load=0/32=0%, Rehash=0, Collisions=0/0=0%

re: fclean all
#  Phony target (prerequisite of .PHONY).
#  Implicit rule search has not been done.
#  File does not exist.
#  File has not been updated.

clean:
#  Phony target (prerequisite of .PHONY).
#  Implicit rule search has not been done.
#  File does not exist.
#  File has not been updated.
#  commands to execute (from `Makefile', line 49):
	rm -f $(OBJ) $(BONUS_OBJ)
	

# Not a target:
ft_isalnum.o:
#  Implicit rule search has been done.
#  Last modified 2022-05-19 22:36:28
#  File has been updated.
#  Successfully updated.
# variable set hash-table stats:
# Load=0/32=0%, Rehash=0, Collisions=0/0=0%

# Not a target:
ft_lstadd_front.o:
#  Implicit rule search has not been done.
#  Modification time never checked.
#  File has not been updated.

# Not a target:
ft_isascii.o:
#  Implicit rule search has been done.
#  Last modified 2022-05-19 22:36:27
 
#  File has been updated.
#  Successfully updated.
# variable set hash-table stats:
# Load=0/32=0%, Rehash=0, Collisions=0/0=0%

# Not a target:
ft_strdup.o:
#  Implicit rule search has been done.
#  Last modified 2022-05-19 22:36:27
#  File has been updated.
#  Successfully updated.
# variable set hash-table stats:
# Load=0/32=0%, Rehash=0, Collisions=0/0=0%

# Not a target:
ft_lstdelone.o:
#  Implicit rule search has not been done.
#  Modification time never checked.
#  File has not been updated.

# Not a target:
ft_memmove.o:
#  Implicit rule search has been done.
#  Last modified 2022-05-19 22:36:28
#  File has been updated.
#  Successfully updated.
# variable set hash-table stats:
# Load=0/32=0%, Rehash=0, Collisions=0/0=0%

# Not a target:
ft_strchr.o:
#  Implicit rule search has been done.
#  Last modified 2022-05-19 22:36:28
#  File has been updated.
#  Successfully updated.
# variable set hash-table stats:
# Load=0/32=0%, Rehash=0, Collisions=0/0=0%

# Not a target:
ft_toupper.o:
#  Implicit rule search has been done.
#  Last modified 2022-05-19 22:36:28
#  File has been updated.
#  Successfully updated.
# variable set hash-table stats:
# Load=0/32=0%, Rehash=0, Collisions=0/0=0%

# Not a target:
ft_strnstr.o:
#  Implicit rule search has been done.
#  Last modified 2022-05-19 22:36:28
#  File has been updated.
#  Successfully updated.
# variable set hash-table stats:
# Load=0/32=0%, Rehash=0, Collisions=0/0=0%

# Not a target:
ft_putstr_fd.o:
#  Implicit rule search has been done.
#  Last modified 2022-05-19 22:36:28
#  File has been updated.
#  Successfully updated.
# variable set hash-table stats:
# Load=0/32=0%, Rehash=0, Collisions=0/0=0%

# Not a target:
ft_memset.o:
#  Implicit rule search has been done.
#  Last modified 2022-05-19 22:36:28
#  File has been updated.
#  Successfully updated.
# variable set hash-table stats:
# Load=0/32=0%, Rehash=0, Collisions=0/0=0%

# Not a target:
ft_putchar_fd.o:
#  Implicit rule search has been done.
#  Last modified 2022-05-19 22:36:28
#  File has been updated.
#  Successfully updated.
# variable set hash-table stats:
# Load=0/32=0%, Rehash=0, Collisions=0/0=0%

# Not a target:
ft_atoi.o:
#  Implicit rule search has been done.
#  Last modified 2022-05-19 22:36:27
#  File has been updated.
#  Successfully updated.
# variable set hash-table stats:
# Load=0/32=0%, Rehash=0, Collisions=0/0=0%

# Not a target:
ft_strtrim.o:
#  Implicit rule search has been done.
#  Last modified 2022-05-19 22:36:27
#  File has been updated.
#  Successfully updated.
# variable set hash-table stats:
# Load=0/32=0%, Rehash=0, Collisions=0/0=0%

# Not a target:
ft_lstadd_back.o:
#  Implicit rule search has not been done.
#  Modification time never checked.
#  File has not been updated.

# Not a target:
ft_putendl_fd.o:
#  Implicit rule search has been done.
#  Last modified 2022-05-19 22:36:27
#  File has been updated.
#  Successfully updated.
# variable set hash-table stats:
# Load=0/32=0%, Rehash=0, Collisions=0/0=0%

# files hash-table stats:
# Load=53/1024=5%, Rehash=0, Collisions=9/152=6%
# VPATH Search Paths

# No `vpath' search paths.

# No general (`VPATH' variable) search path.

# # of strings in strcache: 1
# # of strcache buffers: 1
# strcache size: total = 4096 / max = 4096 / min = 4096 / avg = 4096
# strcache free: total = 4087 / max = 4087 / min = 4087 / avg = 4087

# Finished Make data base on Thu May 19 22:36:47 2022

 
